<?xml version="1.0" encoding="UTF-8"?>
<testsuite xmlns:xsi="http://www.w3.org/2001/XMLSchema-instance" xsi:noNamespaceSchemaLocation="https://maven.apache.org/surefire/maven-surefire-plugin/xsd/surefire-test-report.xsd" name="by.andver.DAOImpl.UserDAOImplTest" time="0.114" tests="4" errors="0" skipped="0" failures="0">
  <properties>
[...]
</properties>
  <testcase name="shouldUpdateUser" classname="by.andver.DAOImpl.UserDAOImplTest" time="0.031"/>
  <testcase name="shouldGetUser" classname="by.andver.DAOImpl.UserDAOImplTest" time="0.022"/>
  <testcase name="shouldDeleteUser" classname="by.andver.DAOImpl.UserDAOImplTest" time="0.007"/>
  <testcase name="shouldSaveUser" classname="by.andver.DAOImpl.UserDAOImplTest" time="0.021"/>
</testsuite>